[065月2026 20:06:03.141] [main/INFO] [net.neoforged.fml.startup.Entrypoint/]: JVM Uptime at startup: 306ms
[065月2026 20:06:03.166] [main/INFO] [net.neoforged.fml.loading.FMLLoader/]: Starting FancyModLoader version 11.0.5 (CLIENT in DEV)
[065月2026 20:06:03.167] [main/INFO] [net.neoforged.fml.loading.FMLLoader/]: Game directory: D:\JustEnoughServerlessRecipes\NeoForge\run
[065月2026 20:06:03.255] [main/INFO] [net.neoforged.fml.loading.EarlyServiceDiscovery/]: Found 2 early service jars (out of 108) in 40ms
[065月2026 20:06:03.255] [main/INFO] [net.neoforged.fml.loading.FMLLoader/]: Loading FML Early Services:
[065月2026 20:06:03.256] [main/INFO] [net.neoforged.fml.loading.FMLLoader/]:  - C:/Users/ryutu/.gradle/caches/modules-2/files-2.1/net.neoforged.fancymodloader/loader/11.0.5/3477e70d79fe8cd06962749f24e64f01edda3bb3/loader-11.0.5.jar
[065月2026 20:06:03.259] [main/INFO] [net.neoforged.fml.loading.FMLLoader/]:  - C:/Users/ryutu/.gradle/caches/modules-2/files-2.1/net.neoforged.fancymodloader/earlydisplay/11.0.5/b2edeab4008c91772d61f8f98a5253a09a4e890d/earlydisplay-11.0.5.jar
[065月2026 20:06:03.268] [main/INFO] [net.neoforged.fml.loading.ImmediateWindowHandler/]: Loading ImmediateWindowProvider fmlearlywindow
[065月2026 20:06:04.275] [ForkJoinPool.commonPool-worker-12/INFO] [net.neoforged.fml.loading.moddiscovery.locators.GameLocator/]: Detected a joined NeoForge and Minecraft configuration. Applying filtering...
[065月2026 20:06:04.334] [fml-loadingscreen/INFO] [net.neoforged.fml.earlydisplay.render.LoadingScreenRenderer/]: GL info: Intel(R) Iris(R) Xe Graphics GL version 3.3.0 - Build 31.0.101.4502, Intel
[065月2026 20:06:04.462] [ForkJoinPool.commonPool-worker-12/INFO] [net.neoforged.fml.loading.moddiscovery.locators.InDevFolderLocator/CORE]: Got mod coordinates justenoughserverlessrecipes%%D:\JustEnoughServerlessRecipes\NeoForge\build\classes\java\main;justenoughserverlessrecipes%%D:\JustEnoughServerlessRecipes\NeoForge\build\resources\main from env
[065月2026 20:06:04.989] [ForkJoinPool.commonPool-worker-12/INFO] [net.neoforged.fml.loading.moddiscovery.locators.JarInJarDependencyLocator/]: Found 2 dependencies adding them to mods collection
[065月2026 20:06:04.993] [ForkJoinPool.commonPool-worker-12/INFO] [net.neoforged.fml.loading.moddiscovery.ModDiscoverer/]: 
     Mod List:
		Name Version (Mod Id)

		Just Enough Items 29.5.0.28 (jei)
		Just Enough Serverless Recipes 1.2.0 (justenoughserverlessrecipes)
		Minecraft 26.1.2 (minecraft)
		NeoForge 26.1.2.11-beta (neoforge)
[065月2026 20:06:05.292] [main/INFO] [mixin/]: SpongePowered MIXIN Subsystem Version=0.8.7 Source=file:/C:/Users/ryutu/.gradle/caches/modules-2/files-2.1/net.fabricmc/sponge-mixin/0.17.0+mixin.0.8.7/cf31463202f72d03b0ef1e1e38e8ee71b7faaab6/sponge-mixin-0.17.0+mixin.0.8.7.jar Service=FML Env=CLIENT
[065月2026 20:06:05.353] [main/INFO] [net.neoforged.fml.loading.FMLLoader/]: Loading FML Plugins:
[065月2026 20:06:05.354] [main/INFO] [net.neoforged.fml.loading.FMLLoader/]:  - C:/Users/ryutu/.gradle/caches/modules-2/files-2.1/net.neoforged/neoforge/26.1.2.11-beta/361e3745496dde8c82cd4646fff133b865cdf780/neoforge-26.1.2.11-beta-universal.jar > net.neoforged.neoforge-coremods-26.1.2.11-beta.jar
[065月2026 20:06:05.516] [main/INFO] [net.neoforged.fml.loading.FMLLoader/]: Building game content classloader:
 - jei (jar(C:/Users/ryutu/.gradle/caches/modules-2/files-2.1/mezz.jei/jei-26.1.2-neoforge/29.5.0.28/8475111e405dd2f52974e2f87a9e69381caf8601/jei-26.1.2-neoforge-29.5.0.28.jar))
 - justenoughserverlessrecipes (composite(folder(D:/JustEnoughServerlessRecipes/NeoForge/build/classes/java/main), folder(D:/JustEnoughServerlessRecipes/NeoForge/build/resources/main)))
 - minecraft (composite(filtered(jar(D:/JustEnoughServerlessRecipes/NeoForge/build/moddev/artifacts/minecraft-patched-26.1.2.11-beta.jar)), filtered(jar(D:/JustEnoughServerlessRecipes/NeoForge/build/moddev/artifacts/minecraft-patched-26.1.2.11-beta.jar))))
 - mixinextras.neoforge (jar(C:/Users/ryutu/.gradle/caches/modules-2/files-2.1/net.neoforged/neoforge/26.1.2.11-beta/361e3745496dde8c82cd4646fff133b865cdf780/neoforge-26.1.2.11-beta-universal.jar > mixinextras-neoforge-0.5.3.jar))
 - neoforge (composite(filtered(jar(C:/Users/ryutu/.gradle/caches/modules-2/files-2.1/net.neoforged/neoforge/26.1.2.11-beta/361e3745496dde8c82cd4646fff133b865cdf780/neoforge-26.1.2.11-beta-universal.jar))))
 - net.neoforged.fml.generated (empty(VirtualJar/net.neoforged.fml.generated))
[065月2026 20:06:05.546] [main/INFO] [net.neoforged.fml.loading.FMLLoader/]: Built game content classloader in 47ms
[065月2026 20:06:07.989] [Datafixer Bootstrap/INFO] [com.mojang.datafixers.DataFixerBuilder/]: 294 Datafixer optimizations took 728 milliseconds
[065月2026 20:06:08.375] [pool-9-thread-1/INFO] [MixinExtras|Service/]: Initializing MixinExtras via com.llamalad7.mixinextras.service.MixinExtrasServiceImpl(version=0.5.3).
[065月2026 20:06:14.659] [main/WARN] [net.minecraft.commands.Commands/]: Ambiguity between arguments [teleport, location] and [teleport, destination] with inputs: [0.1 -0.5 .9, 0 0 0]
[065月2026 20:06:14.661] [main/WARN] [net.minecraft.commands.Commands/]: Ambiguity between arguments [teleport, location] and [teleport, targets] with inputs: [0.1 -0.5 .9, 0 0 0]
[065月2026 20:06:14.664] [main/WARN] [net.minecraft.commands.Commands/]: Ambiguity between arguments [teleport, destination] and [teleport, targets] with inputs: [Player, 0123, @e, dd12be42-52a9-4a91-a8a1-11c01849e498]
[065月2026 20:06:14.664] [main/WARN] [net.minecraft.commands.Commands/]: Ambiguity between arguments [teleport, targets] and [teleport, destination] with inputs: [Player, 0123, dd12be42-52a9-4a91-a8a1-11c01849e498]
[065月2026 20:06:14.665] [main/WARN] [net.minecraft.commands.Commands/]: Ambiguity between arguments [teleport, targets, location] and [teleport, targets, destination] with inputs: [0.1 -0.5 .9, 0 0 0]
[065月2026 20:06:14.667] [main/WARN] [net.minecraft.commands.Commands/]: Ambiguity between arguments [time, set, time] and [time, set, timemarker] with inputs: [0, 0s, 0d, 0t]
[065月2026 20:06:14.668] [main/WARN] [net.minecraft.commands.Commands/]: Ambiguity between arguments [time, set, timemarker] and [time, set, time] with inputs: [012]
[065月2026 20:06:14.670] [main/WARN] [net.minecraft.commands.Commands/]: Ambiguity between arguments [time, of, clock, set, time] and [time, of, clock, set, timemarker] with inputs: [0, 0s, 0d, 0t]
[065月2026 20:06:14.672] [main/WARN] [net.minecraft.commands.Commands/]: Ambiguity between arguments [time, of, clock, set, timemarker] and [time, of, clock, set, time] with inputs: [012]
[065月2026 20:06:14.673] [main/WARN] [net.minecraft.commands.Commands/]: Ambiguity between arguments [waypoint, modify, waypoint, color, reset] and [waypoint, modify, waypoint, color, color] with inputs: [reset]
[065月2026 20:06:14.770] [modloading-worker-0/INFO] [net.neoforged.neoforge.common.NeoForgeMod/NEOFORGE-MOD]: NeoForge mod loading, version 26.1.2.11-beta, for MC 26.1.2
[065月2026 20:06:14.828] [modloading-worker-0/INFO] [mezz.jei.library.load.PluginCaller/]: Sending ConfigManager...
[065月2026 20:06:14.830] [modloading-worker-0/INFO] [mezz.jei.library.load.PluginCaller/]: Sending ConfigManager took 1.122 milliseconds
[065月2026 20:06:15.350] [Render thread/INFO] [com.mojang.authlib.yggdrasil.YggdrasilAuthenticationService/]: Environment: Environment[sessionHost=https://sessionserver.mojang.com, servicesHost=https://api.minecraftservices.com, profilesHost=https://api.mojang.com, name=PROD]
[065月2026 20:06:15.364] [Render thread/INFO] [net.minecraft.client.Minecraft/]: Setting user: Dev
[065月2026 20:06:15.487] [Render thread/INFO] [net.minecraft.client.Minecraft/]: Backend library: LWJGL version 3.4.1+2
[065月2026 20:06:15.732] [Render thread/INFO] [net.minecraft.client.Minecraft/]: Using optional rendering extensions: GL_ARB_buffer_storage, GL_KHR_debug, GL_ARB_vertex_attrib_binding, GL_ARB_direct_state_access, GL_EXT_texture_filter_anisotropic
[065月2026 20:06:16.391] [Render thread/INFO] [net.minecraft.server.packs.resources.ReloadableResourceManager/]: Reloading ResourceManager: vanilla, mod_resources, mod/justenoughserverlessrecipes, mod/neoforge, mod/jei
[065月2026 20:06:16.555] [resourceLoad/INFO] [net.minecraft.client.gui.font.providers.UnihexProvider/]: Found unifont_pua-17.0.01.hex, loading
[065月2026 20:06:16.557] [resourceLoad/INFO] [net.minecraft.client.gui.font.providers.UnihexProvider/]: Found unifont_all_no_pua-17.0.01.hex, loading
[065月2026 20:06:16.820] [resourceLoad/INFO] [net.minecraft.client.gui.font.providers.UnihexProvider/]: Found unifont_jp_patch-17.0.01.hex, loading
[065月2026 20:06:19.155] [Render thread/INFO] [com.mojang.blaze3d.audio.Library/]: OpenAL initialized on device OpenAL Soft on ヘッドホン (soundcore Liberty 4 Pro)
[065月2026 20:06:19.160] [Render thread/INFO] [net.minecraft.client.sounds.SoundEngine/SOUNDS]: Sound engine started
[065月2026 20:06:19.161] [Render thread/INFO] [net.minecraft.client.renderer.texture.TextureAtlas/]: Created: 512x256x0 minecraft:textures/atlas/particles.png-atlas
[065月2026 20:06:19.214] [Render thread/INFO] [net.minecraft.client.renderer.texture.TextureAtlas/]: Created: 128x128x0 minecraft:textures/atlas/decorated_pot.png-atlas
[065月2026 20:06:19.222] [Render thread/INFO] [net.minecraft.client.renderer.texture.TextureAtlas/]: Created: 2048x1024x0 minecraft:textures/atlas/armor_trims.png-atlas
[065月2026 20:06:19.378] [Render thread/INFO] [net.minecraft.client.renderer.texture.TextureAtlas/]: Created: 512x256x0 minecraft:textures/atlas/paintings.png-atlas
[065月2026 20:06:19.388] [Render thread/INFO] [net.minecraft.client.renderer.texture.TextureAtlas/]: Created: 1024x512x0 minecraft:textures/atlas/shield_patterns.png-atlas
[065月2026 20:06:19.399] [Render thread/INFO] [net.minecraft.client.renderer.texture.TextureAtlas/]: Created: 2048x2048x4 minecraft:textures/atlas/blocks.png-atlas
[065月2026 20:06:22.009] [Render thread/INFO] [net.minecraft.client.renderer.texture.TextureAtlas/]: Created: 512x512x0 minecraft:textures/atlas/chest.png-atlas
[065月2026 20:06:22.217] [Render thread/INFO] [net.minecraft.client.renderer.texture.TextureAtlas/]: Created: 256x128x0 minecraft:textures/atlas/celestials.png-atlas
[065月2026 20:06:22.219] [Render thread/INFO] [net.minecraft.client.renderer.texture.TextureAtlas/]: Created: 1024x512x0 minecraft:textures/atlas/banner_patterns.png-atlas
[065月2026 20:06:22.224] [Render thread/INFO] [net.minecraft.client.renderer.texture.TextureAtlas/]: Created: 512x512x0 minecraft:textures/atlas/beds.png-atlas
[065月2026 20:06:22.226] [Render thread/INFO] [net.minecraft.client.renderer.texture.TextureAtlas/]: Created: 1024x512x0 minecraft:textures/atlas/items.png-atlas
[065月2026 20:06:22.294] [Render thread/INFO] [net.minecraft.client.renderer.texture.TextureAtlas/]: Created: 1024x1024x0 minecraft:textures/atlas/gui.png-atlas
[065月2026 20:06:22.339] [Render thread/INFO] [net.minecraft.client.renderer.texture.TextureAtlas/]: Created: 128x64x0 minecraft:textures/atlas/map_decorations.png-atlas
[065月2026 20:06:22.342] [Render thread/INFO] [net.minecraft.client.renderer.texture.TextureAtlas/]: Created: 512x256x0 minecraft:textures/atlas/signs.png-atlas
[065月2026 20:06:22.345] [Render thread/INFO] [net.minecraft.client.renderer.texture.TextureAtlas/]: Created: 512x512x0 minecraft:textures/atlas/shulker_boxes.png-atlas
[065月2026 20:06:22.456] [Render thread/INFO] [net.neoforged.neoforge.client.entity.animation.json.AnimationLoader/]: Loaded 0 entity animations
[065月2026 20:06:22.587] [Render thread/INFO] [net.minecraft.client.renderer.texture.TextureAtlas/]: Created: 256x256x0 jei:textures/atlas/gui.png-atlas
[065月2026 20:06:46.750] [Render thread/INFO] [net.minecraft.client.gui.screens.ConnectScreen/]: Connecting to localhost, 25565
[065月2026 20:06:47.557] [Netty NIO IO #0/WARN] [net.neoforged.fml.config.ConfigTracker/]: Overwriting non-null config LoadedConfig[config=SynchronizedConfig{DataHolder:{cheat mode=SynchronizedConfig{DataHolder:{enableCheatModeForOp=true, enableCheatModeForCreative=true, enableCheatModeForGive=false}}}}, path=null, modConfig=net.neoforged.fml.config.ModConfig@3c50a863] at path jei-server.toml with default server config
[065月2026 20:06:47.558] [Netty NIO IO #0/WARN] [net.neoforged.fml.config.ConfigTracker/]: Overwriting non-null config LoadedConfig[config=SynchronizedConfig{DataHolder:{removeErroringBlockEntities=false, removeErroringEntities=false, fullBoundingBoxLadders=false, permissionHandler=neoforge:default_handler, advertiseDedicatedServerToLan=true}}, path=null, modConfig=net.neoforged.fml.config.ModConfig@3abd0916] at path neoforge-server.toml with default server config
[065月2026 20:06:47.568] [Render thread/WARN] [net.neoforged.fml.config.ConfigTracker/]: Overwriting non-null config LoadedConfig[config=SynchronizedConfig{DataHolder:{cheat mode=SynchronizedConfig{DataHolder:{enableCheatModeForOp=true, enableCheatModeForCreative=true, enableCheatModeForGive=false}}}}, path=null, modConfig=net.neoforged.fml.config.ModConfig@3c50a863] at path jei-server.toml with default server config
[065月2026 20:06:47.569] [Render thread/WARN] [net.neoforged.fml.config.ConfigTracker/]: Overwriting non-null config LoadedConfig[config=SynchronizedConfig{DataHolder:{removeErroringBlockEntities=false, removeErroringEntities=false, fullBoundingBoxLadders=false, permissionHandler=neoforge:default_handler, advertiseDedicatedServerToLan=true}}, path=null, modConfig=net.neoforged.fml.config.ModConfig@3abd0916] at path neoforge-server.toml with default server config
[065月2026 20:06:48.640] [Render thread/INFO] [JESR/]: Mode: Multiplayer
[065月2026 20:06:48.835] [Render thread/INFO] [JESR/]: Loaded 1515 bundled fallback recipes
[065月2026 20:06:48.838] [Render thread/INFO] [JESR/]: Injected datapack recipe map from RecipesReceivedEvent
[065月2026 20:06:48.840] [Render thread/INFO] [mezz.jei.core.util.LoggedTimer/]: Starting JEI...
[065月2026 20:06:48.850] [Render thread/INFO] [mezz.jei.library.load.PluginCaller/]: Registering item subtypes...
[065月2026 20:06:48.854] [Render thread/INFO] [mezz.jei.library.load.PluginCaller/]: Registering item subtypes took 3.360 milliseconds
[065月2026 20:06:48.855] [Render thread/INFO] [mezz.jei.library.load.PluginCaller/]: Registering fluid subtypes...
[065月2026 20:06:48.857] [Render thread/INFO] [mezz.jei.library.load.PluginCaller/]: Registering fluid subtypes took 2.000 milliseconds
[065月2026 20:06:48.859] [Render thread/INFO] [mezz.jei.library.load.PluginCaller/]: Registering ingredients...
[065月2026 20:06:49.017] [Render thread/INFO] [mezz.jei.library.load.PluginCallerTimerRunnable/]: Registering ingredients: jei:minecraft took 156.0 milliseconds
[065月2026 20:06:49.017] [Render thread/INFO] [mezz.jei.library.load.PluginCaller/]: Registering ingredients took 157.3 milliseconds
[065月2026 20:06:49.018] [Render thread/INFO] [mezz.jei.library.load.PluginCaller/]: Registering extra ingredients...
[065月2026 20:06:49.019] [Render thread/INFO] [mezz.jei.library.load.PluginCaller/]: Registering extra ingredients took 456.3 microseconds
[065月2026 20:06:49.020] [Render thread/INFO] [mezz.jei.library.load.PluginCaller/]: Registering search ingredient aliases...
[065月2026 20:06:49.021] [Render thread/INFO] [mezz.jei.library.load.PluginCaller/]: Registering search ingredient aliases took 767.1 microseconds
[065月2026 20:06:49.072] [Render thread/INFO] [mezz.jei.library.load.PluginCaller/]: Registering Mod Info...
[065月2026 20:06:49.074] [Render thread/INFO] [mezz.jei.library.load.PluginCaller/]: Registering Mod Info took 686.8 microseconds
[065月2026 20:06:49.090] [Render thread/INFO] [mezz.jei.library.load.PluginCaller/]: Registering categories...
[065月2026 20:06:49.108] [Render thread/INFO] [mezz.jei.library.load.PluginCallerTimerRunnable/]: Registering categories: jei:minecraft took 16.81 milliseconds
[065月2026 20:06:49.114] [Render thread/INFO] [mezz.jei.library.load.PluginCaller/]: Registering categories took 22.78 milliseconds
[065月2026 20:06:49.115] [Render thread/INFO] [mezz.jei.library.load.PluginCaller/]: Registering vanilla category extensions...
[065月2026 20:06:49.118] [Render thread/INFO] [mezz.jei.library.load.PluginCaller/]: Registering vanilla category extensions took 3.134 milliseconds
[065月2026 20:06:49.121] [Render thread/INFO] [mezz.jei.library.load.PluginCaller/]: Registering recipe catalysts...
[065月2026 20:06:49.123] [Render thread/INFO] [mezz.jei.library.load.PluginCaller/]: Registering recipe catalysts took 1.364 milliseconds
[065月2026 20:06:49.124] [Render thread/INFO] [mezz.jei.core.util.LoggedTimer/]: Building recipe registry...
[065月2026 20:06:49.138] [Render thread/INFO] [mezz.jei.core.util.LoggedTimer/]: Building recipe registry took 13.09 milliseconds
[065月2026 20:06:49.140] [Render thread/INFO] [mezz.jei.library.load.PluginCaller/]: Registering advanced plugins...
[065月2026 20:06:49.141] [Render thread/INFO] [mezz.jei.library.load.PluginCaller/]: Registering advanced plugins took 532.8 microseconds
[065月2026 20:06:49.142] [Render thread/INFO] [mezz.jei.library.load.PluginCaller/]: Registering recipes...
[065月2026 20:06:49.553] [Render thread/INFO] [mezz.jei.library.load.PluginCallerTimerRunnable/]: Registering recipes: jei:minecraft took 411.1 milliseconds
[065月2026 20:06:49.576] [Render thread/INFO] [mezz.jei.library.load.PluginCallerTimerRunnable/]: Registering recipes: jei:internal took 21.70 milliseconds
[065月2026 20:06:49.576] [Render thread/INFO] [mezz.jei.library.load.PluginCaller/]: Registering recipes took 434.8 milliseconds
[065月2026 20:06:49.587] [Render thread/INFO] [mezz.jei.library.load.PluginCaller/]: Registering recipes transfer handlers...
[065月2026 20:06:49.594] [Render thread/INFO] [mezz.jei.library.load.PluginCaller/]: Registering recipes transfer handlers took 6.659 milliseconds
[065月2026 20:06:49.602] [Render thread/INFO] [mezz.jei.core.util.LoggedTimer/]: Building runtime...
[065月2026 20:06:49.605] [Render thread/INFO] [mezz.jei.library.load.PluginCaller/]: Registering gui handlers...
[065月2026 20:06:49.615] [Render thread/INFO] [mezz.jei.library.load.PluginCaller/]: Registering gui handlers took 9.542 milliseconds
[065月2026 20:06:49.620] [Render thread/INFO] [mezz.jei.library.load.PluginCaller/]: Registering Runtime...
[065月2026 20:06:49.622] [Render thread/INFO] [mezz.jei.gui.startup.JeiGuiStarter/]: Starting JEI GUI
[065月2026 20:06:49.623] [Render thread/INFO] [mezz.jei.core.util.LoggedTimer/]: Building ingredient list...
[065月2026 20:06:49.651] [Render thread/INFO] [mezz.jei.core.util.LoggedTimer/]: Building ingredient list took 27.75 milliseconds
[065月2026 20:06:49.651] [Render thread/INFO] [mezz.jei.core.util.LoggedTimer/]: Building ingredient filter...
[065月2026 20:06:49.687] [Render thread/INFO] [mezz.jei.gui.ingredients.IngredientFilter/]: Adding 1865 ingredients
[065月2026 20:06:50.037] [Render thread/INFO] [mezz.jei.gui.ingredients.IngredientFilter/]: Added 1865 ingredients
[065月2026 20:06:50.038] [Render thread/INFO] [mezz.jei.core.util.LoggedTimer/]: Building ingredient filter took 386.3 milliseconds
[065月2026 20:06:50.140] [Render thread/INFO] [mezz.jei.library.load.PluginCallerTimerRunnable/]: Registering Runtime: jei:neoforge_gui took 520.3 milliseconds
[065月2026 20:06:50.141] [Render thread/INFO] [mezz.jei.library.load.PluginCaller/]: Registering Runtime took 521.3 milliseconds
[065月2026 20:06:50.142] [Render thread/INFO] [mezz.jei.core.util.LoggedTimer/]: Building runtime took 539.6 milliseconds
[065月2026 20:06:50.142] [Render thread/INFO] [mezz.jei.library.load.PluginCaller/]: Sending Runtime...
[065月2026 20:06:50.144] [Render thread/INFO] [mezz.jei.library.ingredients.IngredientManager/]: Ingredients are being added at runtime: 19 net.minecraft.world.item.ItemStack
[065月2026 20:06:50.145] [Render thread/WARN] [mezz.jei.library.ingredients.IngredientManager/]: Attempted to add an invalid ingredient at runtime: 0 minecraft:air minecraft:air components:{}
[065月2026 20:06:50.148] [Render thread/INFO] [JESR/]: Registered 19 additional items with JEI
[065月2026 20:06:50.149] [Render thread/INFO] [mezz.jei.library.load.PluginCaller/]: Sending Runtime took 6.134 milliseconds
[065月2026 20:06:50.149] [Render thread/INFO] [mezz.jei.core.util.LoggedTimer/]: Starting JEI took 1.310 seconds
[065月2026 20:06:50.163] [Render thread/INFO] [net.minecraft.client.gui.components.ChatComponent/]: [System] [CHAT] Dev joined the game
[065月2026 20:06:50.169] [Render thread/WARN] [net.minecraft.client.multiplayer.ClientPacketListener/]: Ignoring chat session from Dev due to missing Services public key
[065月2026 20:06:50.174] [Render thread/INFO] [net.minecraft.advancements.AdvancementTree/]: Loaded 2 advancements
[065月2026 20:06:50.403] [Render thread/INFO] [net.minecraft.client.renderer.DynamicUniformStorage/]: Resizing Dynamic Transforms UBO, capacity limit of 2 reached during a single frame. New capacity will be 4.
[065月2026 20:06:50.743] [Render thread/INFO] [net.minecraft.client.renderer.DynamicUniformStorage/]: Resizing Dynamic Transforms UBO, capacity limit of 4 reached during a single frame. New capacity will be 8.
[065月2026 20:06:50.828] [Render thread/INFO] [net.minecraft.client.renderer.DynamicUniformStorage/]: Resizing Chunk Sections UBO, capacity limit of 2 reached during a single frame. New capacity will be 4.
[065月2026 20:06:51.358] [Render thread/INFO] [net.minecraft.client.renderer.DynamicUniformStorage/]: Resizing Chunk Sections UBO, capacity limit of 4 reached during a single frame. New capacity will be 8.
[065月2026 20:06:51.450] [Render thread/INFO] [net.minecraft.client.renderer.DynamicUniformStorage/]: Resizing Chunk Sections UBO, capacity limit of 8 reached during a single frame. New capacity will be 16.
[065月2026 20:06:51.495] [Render thread/INFO] [net.minecraft.client.renderer.DynamicUniformStorage/]: Resizing Chunk Sections UBO, capacity limit of 16 reached during a single frame. New capacity will be 32.
[065月2026 20:06:51.573] [Render thread/INFO] [net.minecraft.client.renderer.DynamicUniformStorage/]: Resizing Chunk Sections UBO, capacity limit of 32 reached during a single frame. New capacity will be 64.
[065月2026 20:06:51.685] [Render thread/INFO] [net.minecraft.client.renderer.DynamicUniformStorage/]: Resizing Chunk Sections UBO, capacity limit of 64 reached during a single frame. New capacity will be 128.
[065月2026 20:06:52.450] [Render thread/INFO] [net.minecraft.client.renderer.DynamicUniformStorage/]: Resizing Chunk Sections UBO, capacity limit of 128 reached during a single frame. New capacity will be 256.
[065月2026 20:06:55.187] [Render thread/INFO] [net.minecraft.client.renderer.DynamicUniformStorage/]: Resizing Chunk Sections UBO, capacity limit of 256 reached during a single frame. New capacity will be 512.
[065月2026 20:06:56.309] [Render thread/INFO] [net.minecraft.client.gui.components.ChatComponent/]: [System] [CHAT] Install the "Configured" mod to access the in-game config\nOr click here to open the JEI config folder instead
[065月2026 20:06:56.924] [Render thread/INFO] [net.minecraft.client.gui.components.ChatComponent/]: [System] [CHAT] Install the "Configured" mod to access the in-game config\nOr click here to open the JEI config folder instead
[065月2026 20:06:57.745] [Render thread/INFO] [net.minecraft.client.gui.components.ChatComponent/]: [System] [CHAT] Install the "Configured" mod to access the in-game config\nOr click here to open the JEI config folder instead
